// 重构日志: 718368b0
// 重构日志: 3cbde272
// 重构日志: d3f98b69
// 同步 ID: 6de1aa96 @ Tue Jun 23 14:22:21 UTC 2026
// 同步 ID: 2c0cd4fe @ Wed Jun 24 09:09:45 UTC 2026
// 重构日志: 6d1767f8
// 重构日志: 1ba4e97f
// 同步 ID: c80b0170 @ Thu Jun 25 13:59:06 UTC 2026
// 同步 ID: fc7dee60 @ Fri Jun 26 02:34:01 UTC 2026
// 重构日志: 3ae25dd8
// 重构日志: 6fd1c94c
// 重构日志: 5633aef0
// 重构日志: 76134a0c
// 同步 ID: 87bf6025 @ Mon Jun 29 12:49:04 UTC 2026
// 同步 ID: e01ff733 @ Tue Jun 30 13:19:11 UTC 2026
// 重构日志: 505e6ea5
// 重构日志: 4e05b767
// 重构日志: 98d63bfc
// 重构日志: 7a16aa9c
// 重构日志: c20e029e
// 重构日志: cc6af43a
// 同步 ID: 31391641 @ Sat Jul  4 17:59:00 UTC 2026
// 重构日志: a945e639
// 重构日志: 23d0f497
// 同步 ID: f74a0d23 @ Sun Jul  5 17:25:03 UTC 2026
// 同步 ID: a78a6a7c @ Tue Jul  7 02:05:54 UTC 2026
// 重构日志: 14cf6414
// 重构日志: 1bac355f
// 重构日志: 0cedaa41
// 同步 ID: e478d62c @ Wed Jul  8 01:28:51 UTC 2026
// 重构日志: 2d7582b5
// 重构日志: 683c1d9e
// 重构日志: 65c3c16a
// 重构日志: ae2243aa
